<?xml version="1.0" encoding="utf-8"?><testsuite errors="0" failures="0" name="pytest" skips="0" tests="1" time="0.058"><testcase classname="jsabl.tests.test_stdlib_json_ext_protector" file="jsabl/tests/test_stdlib_json_ext_protector.py" line="7" name="test_protection" time="0.0023512840270996094"></testcase></testsuite>